[ 2016-03-23T01:59:42+08:00 ] ::1 /weixin/index.php/Admin/Login/login_post.html
ERR: 无法加载控制器:Login

[ 2016-03-23T02:00:09+08:00 ] ::1 /weixin/index.php/Admin/Login/login_post.html
ERR: 非法操作:login_post

[ 2016-03-23T02:07:13+08:00 ] ::1 /weixin/index.php/Admin/Index/index.html
ERR: 模板不存在:./View/Index_index.html

[ 2016-03-23T02:07:23+08:00 ] ::1 /weixin/index.php/Admin/Index/index.html
ERR: 模板不存在:./View/Index_index.html

[ 2016-03-23T02:11:03+08:00 ] ::1 /weixin/index.php/Admin/Index/index.html
ERR: 模板不存在:./View/Index_index.html

[ 2016-03-23T02:22:17+08:00 ] ::1 /weixin/index.php/Admin/Login/login_post.html
ERR: 无法加载数据库驱动: Think\Db\Driver\

[ 2016-03-23T02:22:57+08:00 ] ::1 /weixin/index.php/Admin/Login/login_post.html
ERR: 无法加载数据库驱动: Think\Db\Driver\

[ 2016-03-23T02:23:01+08:00 ] ::1 /weixin/index.php/Admin/Login/login_post.html
ERR: 无法加载数据库驱动: Think\Db\Driver\

[ 2016-03-23T02:24:39+08:00 ] ::1 /weixin/index.php/Admin/Login/login_post.html
ERR: SQLSTATE[HY000] [1045] Access denied for user 'root'@'localhost' (using password: NO)

[ 2016-03-23T02:24:57+08:00 ] ::1 /weixin/index.php/Admin/Login/login_post.html
ERR: 1146:Table 'library.wxadmin' doesn't exist
 [ SQL语句 ] : SHOW COLUMNS FROM `wxadmin`

[ 2016-03-23T02:47:06+08:00 ] ::1 /weixin/index.php/Admin/Login/login_post.html
INFO: [ app_begin ] --START--
INFO: Run Behavior\ReadHtmlCacheBehavior [ RunTime:0.000000s ]
INFO: [ app_begin ] --END-- [ RunTime:0.000000s ]
SQL: SHOW COLUMNS FROM `wx_admin` [ RunTime:0.0080s ]
NOTIC: [8] Undefined index: validate D:\phpStudy\WWW\weixin\ThinkPHP\Library\Think\Model.class.php 第 1185 行.
NOTIC: [8] Undefined index: auto D:\phpStudy\WWW\weixin\ThinkPHP\Library\Think\Model.class.php 第 1128 行.
INFO: [ app_end ] --START--
INFO: Run Behavior\ShowPageTraceBehavior [ RunTime:0.001001s ]
INFO: [ app_end ] --END-- [ RunTime:0.002001s ]

[ 2016-03-23T02:49:43+08:00 ] ::1 /weixin/index.php/Admin/Login/login_post.html
INFO: [ app_begin ] --START--
INFO: Run Behavior\ReadHtmlCacheBehavior [ RunTime:0.001000s ]
INFO: [ app_begin ] --END-- [ RunTime:0.001000s ]
SQL: SHOW COLUMNS FROM `wx_admin` [ RunTime:0.0000s ]
NOTIC: [8] Undefined index: validate D:\phpStudy\WWW\weixin\ThinkPHP\Library\Think\Model.class.php 第 1185 行.
NOTIC: [8] Undefined index: auto D:\phpStudy\WWW\weixin\ThinkPHP\Library\Think\Model.class.php 第 1128 行.
INFO: [ app_end ] --START--
INFO: Run Behavior\ShowPageTraceBehavior [ RunTime:0.000000s ]
INFO: [ app_end ] --END-- [ RunTime:0.000000s ]

[ 2016-03-23T02:56:53+08:00 ] ::1 /weixin/index.php/Admin/Login/login_post.html
INFO: [ app_begin ] --START--
INFO: Run Behavior\ReadHtmlCacheBehavior [ RunTime:0.000000s ]
INFO: [ app_begin ] --END-- [ RunTime:0.000000s ]
SQL: SHOW COLUMNS FROM `wx_admin` [ RunTime:0.0030s ]
NOTIC: [8] Undefined index: validate D:\phpStudy\WWW\weixin\ThinkPHP\Library\Think\Model.class.php 第 1185 行.
NOTIC: [8] Undefined index: auto D:\phpStudy\WWW\weixin\ThinkPHP\Library\Think\Model.class.php 第 1128 行.
INFO: [ app_end ] --START--
INFO: Run Behavior\ShowPageTraceBehavior [ RunTime:0.000000s ]
INFO: [ app_end ] --END-- [ RunTime:0.000000s ]

[ 2016-03-23T02:57:36+08:00 ] ::1 /weixin/index.php/Admin/Login/login_post.html
INFO: [ app_begin ] --START--
INFO: Run Behavior\ReadHtmlCacheBehavior [ RunTime:0.000000s ]
INFO: [ app_begin ] --END-- [ RunTime:0.000000s ]
SQL: SHOW COLUMNS FROM `wx_admin` [ RunTime:0.0000s ]

[ 2016-03-23T03:01:06+08:00 ] ::1 /weixin/index.php/Admin/Login/login_post.html
INFO: [ app_begin ] --START--
INFO: Run Behavior\ReadHtmlCacheBehavior [ RunTime:0.001000s ]
INFO: [ app_begin ] --END-- [ RunTime:0.002000s ]
SQL: SHOW COLUMNS FROM `wx_admin` [ RunTime:0.0000s ]

[ 2016-03-23T03:04:29+08:00 ] ::1 /weixin/index.php/Admin/Login/login_post.html
INFO: [ app_begin ] --START--
INFO: Run Behavior\ReadHtmlCacheBehavior [ RunTime:0.001000s ]
INFO: [ app_begin ] --END-- [ RunTime:0.001000s ]
SQL: SHOW COLUMNS FROM `wx_admin` [ RunTime:0.0000s ]

[ 2016-03-23T03:06:33+08:00 ] ::1 /weixin/index.php/Admin/Login/login_post.html
INFO: [ app_begin ] --START--
INFO: Run Behavior\ReadHtmlCacheBehavior [ RunTime:0.000000s ]
INFO: [ app_begin ] --END-- [ RunTime:0.000000s ]

[ 2016-03-23T03:08:36+08:00 ] ::1 /weixin/index.php/Admin/Login/login_post.html
INFO: [ app_begin ] --START--
INFO: Run Behavior\ReadHtmlCacheBehavior [ RunTime:0.000000s ]
INFO: [ app_begin ] --END-- [ RunTime:0.000000s ]

[ 2016-03-23T03:10:57+08:00 ] ::1 /weixin/index.php/Admin/Login/login_post.html
INFO: [ app_begin ] --START--
INFO: Run Behavior\ReadHtmlCacheBehavior [ RunTime:0.000000s ]
INFO: [ app_begin ] --END-- [ RunTime:0.000000s ]
NOTIC: [2048] Declaration of Common\Controller\AppBaseController::ajaxReturn() should be compatible with Think\Controller::ajaxReturn($data, $type = '', $json_option = 0) D:\phpStudy\WWW\weixin\Application\Common\Controller\AppBaseController.class.php 第 125 行.
SQL: SHOW COLUMNS FROM `wx_admin` [ RunTime:0.0000s ]
NOTIC: [8] Undefined index: data D:\phpStudy\WWW\weixin\Application\Common\Controller\AppBaseController.class.php 第 95 行.

[ 2016-03-23T03:11:23+08:00 ] ::1 /weixin/index.php/Admin/Login/login_post.html
INFO: [ app_begin ] --START--
INFO: Run Behavior\ReadHtmlCacheBehavior [ RunTime:0.000000s ]
INFO: [ app_begin ] --END-- [ RunTime:0.000000s ]
NOTIC: [2048] Declaration of Common\Controller\AppBaseController::ajaxReturn() should be compatible with Think\Controller::ajaxReturn($data, $type = '', $json_option = 0) D:\phpStudy\WWW\weixin\Application\Common\Controller\AppBaseController.class.php 第 124 行.
SQL: SHOW COLUMNS FROM `wx_admin` [ RunTime:0.0000s ]
NOTIC: [8] Undefined index: data D:\phpStudy\WWW\weixin\Application\Common\Controller\AppBaseController.class.php 第 95 行.

[ 2016-03-23T03:17:09+08:00 ] ::1 /weixin/index.php/Admin/Login/login_post.html
INFO: [ app_begin ] --START--
INFO: Run Behavior\ReadHtmlCacheBehavior [ RunTime:0.000000s ]
INFO: [ app_begin ] --END-- [ RunTime:0.001000s ]
NOTIC: [2048] Declaration of Common\Controller\AppBaseController::ajaxReturn() should be compatible with Think\Controller::ajaxReturn($data, $type = '', $json_option = 0) D:\phpStudy\WWW\weixin\Application\Common\Controller\AppBaseController.class.php 第 124 行.
SQL: SHOW COLUMNS FROM `wx_admin` [ RunTime:0.0040s ]
NOTIC: [8] Undefined index: data D:\phpStudy\WWW\weixin\Application\Common\Controller\AppBaseController.class.php 第 95 行.

[ 2016-03-23T03:17:40+08:00 ] ::1 /weixin/index.php/Admin/Login/login_post.html
INFO: [ app_begin ] --START--
INFO: Run Behavior\ReadHtmlCacheBehavior [ RunTime:0.000000s ]
INFO: [ app_begin ] --END-- [ RunTime:0.001001s ]
NOTIC: [2048] Declaration of Common\Controller\AppBaseController::ajaxReturn() should be compatible with Think\Controller::ajaxReturn($data, $type = '', $json_option = 0) D:\phpStudy\WWW\weixin\Application\Common\Controller\AppBaseController.class.php 第 124 行.
SQL: SHOW COLUMNS FROM `wx_admin` [ RunTime:0.0080s ]
NOTIC: [8] Undefined index: data D:\phpStudy\WWW\weixin\Application\Common\Controller\AppBaseController.class.php 第 95 行.

[ 2016-03-23T03:20:21+08:00 ] ::1 /weixin/index.php/Admin/Login/login_post.html
INFO: [ app_begin ] --START--
INFO: Run Behavior\ReadHtmlCacheBehavior [ RunTime:0.000000s ]
INFO: [ app_begin ] --END-- [ RunTime:0.001000s ]
NOTIC: [2048] Declaration of Common\Controller\AppBaseController::ajaxReturn() should be compatible with Think\Controller::ajaxReturn($data, $type = '', $json_option = 0) D:\phpStudy\WWW\weixin\Application\Common\Controller\AppBaseController.class.php 第 124 行.
SQL: SHOW COLUMNS FROM `wx_admin` [ RunTime:0.0020s ]
NOTIC: [8] Undefined index: data D:\phpStudy\WWW\weixin\Application\Common\Controller\AppBaseController.class.php 第 95 行.

[ 2016-03-23T03:20:44+08:00 ] ::1 /weixin/index.php/Admin/Login/login_post.html
INFO: [ app_begin ] --START--
INFO: Run Behavior\ReadHtmlCacheBehavior [ RunTime:0.001000s ]
INFO: [ app_begin ] --END-- [ RunTime:0.001000s ]
NOTIC: [2048] Declaration of Common\Controller\AppBaseController::ajaxReturn() should be compatible with Think\Controller::ajaxReturn($data, $type = '', $json_option = 0) D:\phpStudy\WWW\weixin\Application\Common\Controller\AppBaseController.class.php 第 124 行.
SQL: SHOW COLUMNS FROM `wx_admin` [ RunTime:0.0030s ]
NOTIC: [8] Undefined index: data D:\phpStudy\WWW\weixin\Application\Common\Controller\AppBaseController.class.php 第 95 行.

[ 2016-03-23T03:21:42+08:00 ] ::1 /weixin/index.php/Admin/Login/login_post.html
INFO: [ app_begin ] --START--
INFO: Run Behavior\ReadHtmlCacheBehavior [ RunTime:0.000000s ]
INFO: [ app_begin ] --END-- [ RunTime:0.000000s ]
NOTIC: [2048] Declaration of Common\Controller\AppBaseController::ajaxReturn() should be compatible with Think\Controller::ajaxReturn($data, $type = '', $json_option = 0) D:\phpStudy\WWW\weixin\Application\Common\Controller\AppBaseController.class.php 第 124 行.
SQL: SHOW COLUMNS FROM `wx_admin` [ RunTime:0.0040s ]
NOTIC: [8] Undefined index: data D:\phpStudy\WWW\weixin\Application\Common\Controller\AppBaseController.class.php 第 95 行.

[ 2016-03-23T03:21:52+08:00 ] ::1 /weixin/index.php/Admin/Login/login_post.html
INFO: [ app_begin ] --START--
INFO: Run Behavior\ReadHtmlCacheBehavior [ RunTime:0.001000s ]
INFO: [ app_begin ] --END-- [ RunTime:0.001000s ]
NOTIC: [2048] Declaration of Common\Controller\AppBaseController::ajaxReturn() should be compatible with Think\Controller::ajaxReturn($data, $type = '', $json_option = 0) D:\phpStudy\WWW\weixin\Application\Common\Controller\AppBaseController.class.php 第 124 行.
SQL: SHOW COLUMNS FROM `wx_admin` [ RunTime:0.0030s ]
NOTIC: [8] Undefined index: data D:\phpStudy\WWW\weixin\Application\Common\Controller\AppBaseController.class.php 第 95 行.

[ 2016-03-23T03:22:57+08:00 ] ::1 /weixin/index.php/Admin/Login/login_post.html
INFO: [ app_begin ] --START--
INFO: Run Behavior\ReadHtmlCacheBehavior [ RunTime:0.001000s ]
INFO: [ app_begin ] --END-- [ RunTime:0.001000s ]
NOTIC: [2048] Declaration of Common\Controller\AppBaseController::ajaxReturn() should be compatible with Think\Controller::ajaxReturn($data, $type = '', $json_option = 0) D:\phpStudy\WWW\weixin\Application\Common\Controller\AppBaseController.class.php 第 124 行.
SQL: SHOW COLUMNS FROM `wx_admin` [ RunTime:0.0030s ]
NOTIC: [8] Undefined index: data D:\phpStudy\WWW\weixin\Application\Common\Controller\AppBaseController.class.php 第 95 行.

[ 2016-03-23T03:27:20+08:00 ] ::1 /weixin/index.php/Admin/Login/login_post.html
ERR: 模板不存在:./View//D_\phpStudy\WWW\weixin\ThinkPHP/Tpl/dispatch_jump.tpl.html.html

[ 2016-03-23T03:27:41+08:00 ] ::1 /weixin/index.php/Admin/Login/login_post.html
INFO: [ app_begin ] --START--
INFO: Run Behavior\ReadHtmlCacheBehavior [ RunTime:0.001000s ]
INFO: [ app_begin ] --END-- [ RunTime:0.001000s ]
NOTIC: [2048] Declaration of Common\Controller\AppBaseController::ajaxReturn() should be compatible with Think\Controller::ajaxReturn($data, $type = '', $json_option = 0) D:\phpStudy\WWW\weixin\Application\Common\Controller\AppBaseController.class.php 第 124 行.
SQL: SHOW COLUMNS FROM `wx_admin` [ RunTime:0.0030s ]
NOTIC: [8] Undefined index: data D:\phpStudy\WWW\weixin\Application\Common\Controller\AppBaseController.class.php 第 95 行.

[ 2016-03-23T03:28:26+08:00 ] ::1 /weixin/index.php/Admin/Login/login_post.html
INFO: [ app_begin ] --START--
INFO: Run Behavior\ReadHtmlCacheBehavior [ RunTime:0.001000s ]
INFO: [ app_begin ] --END-- [ RunTime:0.001000s ]
NOTIC: [2048] Declaration of Common\Controller\AppBaseController::ajaxReturn() should be compatible with Think\Controller::ajaxReturn($data, $type = '', $json_option = 0) D:\phpStudy\WWW\weixin\Application\Common\Controller\AppBaseController.class.php 第 124 行.
SQL: SHOW COLUMNS FROM `wx_admin` [ RunTime:0.0050s ]
NOTIC: [8] Undefined index: data D:\phpStudy\WWW\weixin\Application\Common\Controller\AppBaseController.class.php 第 95 行.

[ 2016-03-23T03:29:06+08:00 ] ::1 /weixin/index.php/Admin/Login/login_post.html
ERR: 模板不存在:./View//D_\phpStudy\WWW\weixin\ThinkPHP/Tpl/dispatch_jump.tpl.html.html

[ 2016-03-23T03:29:34+08:00 ] ::1 /weixin/index.php/Admin/Login/login_post.html
ERR: 模板不存在:./View//D_\phpStudy\WWW\weixin\ThinkPHP/Tpl/dispatch_jump.tpl.html.html

[ 2016-03-23T03:29:50+08:00 ] ::1 /weixin/index.php/Admin/Login/login_post.html
INFO: [ app_begin ] --START--
INFO: Run Behavior\ReadHtmlCacheBehavior [ RunTime:0.001000s ]
INFO: [ app_begin ] --END-- [ RunTime:0.001000s ]
NOTIC: [2048] Declaration of Common\Controller\AppBaseController::ajaxReturn() should be compatible with Think\Controller::ajaxReturn($data, $type = '', $json_option = 0) D:\phpStudy\WWW\weixin\Application\Common\Controller\AppBaseController.class.php 第 124 行.
SQL: SHOW COLUMNS FROM `wx_admin` [ RunTime:0.0030s ]
NOTIC: [8] Undefined index: data D:\phpStudy\WWW\weixin\Application\Common\Controller\AppBaseController.class.php 第 95 行.

[ 2016-03-23T03:30:13+08:00 ] ::1 /weixin/index.php/Admin/Login/login_post.html
INFO: [ app_begin ] --START--
INFO: Run Behavior\ReadHtmlCacheBehavior [ RunTime:0.001000s ]
INFO: [ app_begin ] --END-- [ RunTime:0.001000s ]
NOTIC: [2048] Declaration of Common\Controller\AppBaseController::ajaxReturn() should be compatible with Think\Controller::ajaxReturn($data, $type = '', $json_option = 0) D:\phpStudy\WWW\weixin\Application\Common\Controller\AppBaseController.class.php 第 124 行.
SQL: SHOW COLUMNS FROM `wx_admin` [ RunTime:0.0020s ]
NOTIC: [8] Undefined index: data D:\phpStudy\WWW\weixin\Application\Common\Controller\AppBaseController.class.php 第 95 行.

[ 2016-03-23T03:30:55+08:00 ] ::1 /weixin/index.php/Admin/Login/login_post.html
INFO: [ app_begin ] --START--
INFO: Run Behavior\ReadHtmlCacheBehavior [ RunTime:0.001000s ]
INFO: [ app_begin ] --END-- [ RunTime:0.001000s ]
NOTIC: [2048] Declaration of Common\Controller\AppBaseController::ajaxReturn() should be compatible with Think\Controller::ajaxReturn($data, $type = '', $json_option = 0) D:\phpStudy\WWW\weixin\Application\Common\Controller\AppBaseController.class.php 第 124 行.
SQL: SHOW COLUMNS FROM `wx_admin` [ RunTime:0.0020s ]
NOTIC: [8] Undefined index: data D:\phpStudy\WWW\weixin\Application\Common\Controller\AppBaseController.class.php 第 95 行.

[ 2016-03-23T03:31:21+08:00 ] ::1 /weixin/index.php/Admin/Login/login_post.html
INFO: [ app_begin ] --START--
INFO: Run Behavior\ReadHtmlCacheBehavior [ RunTime:0.001000s ]
INFO: [ app_begin ] --END-- [ RunTime:0.001000s ]
NOTIC: [2048] Declaration of Common\Controller\AppBaseController::ajaxReturn() should be compatible with Think\Controller::ajaxReturn($data, $type = '', $json_option = 0) D:\phpStudy\WWW\weixin\Application\Common\Controller\AppBaseController.class.php 第 124 行.
SQL: SHOW COLUMNS FROM `wx_admin` [ RunTime:0.0020s ]
NOTIC: [8] Undefined index: data D:\phpStudy\WWW\weixin\Application\Common\Controller\AppBaseController.class.php 第 95 行.

[ 2016-03-23T03:34:50+08:00 ] ::1 /weixin/index.php/Admin/Login/login_post.html
INFO: [ app_begin ] --START--
INFO: Run Behavior\ReadHtmlCacheBehavior [ RunTime:0.001000s ]
INFO: [ app_begin ] --END-- [ RunTime:0.001000s ]
NOTIC: [2048] Declaration of Common\Controller\AppBaseController::ajaxReturn() should be compatible with Think\Controller::ajaxReturn($data, $type = '', $json_option = 0) D:\phpStudy\WWW\weixin\Application\Common\Controller\AppBaseController.class.php 第 124 行.
SQL: SHOW COLUMNS FROM `wx_admin` [ RunTime:0.0070s ]
NOTIC: [8] Undefined index: data D:\phpStudy\WWW\weixin\Application\Common\Controller\AppBaseController.class.php 第 95 行.

[ 2016-03-23T03:35:04+08:00 ] ::1 /weixin/index.php/Admin/Login/login_post.html
INFO: [ app_begin ] --START--
INFO: Run Behavior\ReadHtmlCacheBehavior [ RunTime:0.000000s ]
INFO: [ app_begin ] --END-- [ RunTime:0.000000s ]
NOTIC: [2048] Declaration of Common\Controller\AppBaseController::ajaxReturn() should be compatible with Think\Controller::ajaxReturn($data, $type = '', $json_option = 0) D:\phpStudy\WWW\weixin\Application\Common\Controller\AppBaseController.class.php 第 124 行.
SQL: SHOW COLUMNS FROM `wx_admin` [ RunTime:0.0070s ]
NOTIC: [8] Undefined index: data D:\phpStudy\WWW\weixin\Application\Common\Controller\AppBaseController.class.php 第 95 行.

[ 2016-03-23T03:35:14+08:00 ] ::1 /weixin/index.php/Admin/Login/login_post.html
INFO: [ app_begin ] --START--
INFO: Run Behavior\ReadHtmlCacheBehavior [ RunTime:0.000000s ]
INFO: [ app_begin ] --END-- [ RunTime:0.001000s ]
NOTIC: [2048] Declaration of Common\Controller\AppBaseController::ajaxReturn() should be compatible with Think\Controller::ajaxReturn($data, $type = '', $json_option = 0) D:\phpStudy\WWW\weixin\Application\Common\Controller\AppBaseController.class.php 第 124 行.
SQL: SHOW COLUMNS FROM `wx_admin` [ RunTime:0.0050s ]
NOTIC: [8] Undefined index: data D:\phpStudy\WWW\weixin\Application\Common\Controller\AppBaseController.class.php 第 95 行.

[ 2016-03-23T03:36:58+08:00 ] ::1 /weixin/index.php/Admin/Login/login_post.html
INFO: [ app_begin ] --START--
INFO: Run Behavior\ReadHtmlCacheBehavior [ RunTime:0.000000s ]
INFO: [ app_begin ] --END-- [ RunTime:0.001000s ]
NOTIC: [2048] Declaration of Common\Controller\AppBaseController::ajaxReturn() should be compatible with Think\Controller::ajaxReturn($data, $type = '', $json_option = 0) D:\phpStudy\WWW\weixin\Application\Common\Controller\AppBaseController.class.php 第 124 行.
SQL: SHOW COLUMNS FROM `wx_admin` [ RunTime:0.0040s ]
NOTIC: [8] Undefined index: data D:\phpStudy\WWW\weixin\Application\Common\Controller\AppBaseController.class.php 第 95 行.

[ 2016-03-23T03:37:02+08:00 ] ::1 /weixin/index.php/Admin/Login/login_post.html
INFO: [ app_begin ] --START--
INFO: Run Behavior\ReadHtmlCacheBehavior [ RunTime:0.001000s ]
INFO: [ app_begin ] --END-- [ RunTime:0.001000s ]
NOTIC: [2048] Declaration of Common\Controller\AppBaseController::ajaxReturn() should be compatible with Think\Controller::ajaxReturn($data, $type = '', $json_option = 0) D:\phpStudy\WWW\weixin\Application\Common\Controller\AppBaseController.class.php 第 124 行.
SQL: SHOW COLUMNS FROM `wx_admin` [ RunTime:0.0060s ]
NOTIC: [8] Undefined index: data D:\phpStudy\WWW\weixin\Application\Common\Controller\AppBaseController.class.php 第 95 行.

[ 2016-03-23T03:37:21+08:00 ] ::1 /weixin/index.php/Admin/Login/login_post.html
INFO: [ app_begin ] --START--
INFO: Run Behavior\ReadHtmlCacheBehavior [ RunTime:0.001000s ]
INFO: [ app_begin ] --END-- [ RunTime:0.001000s ]
NOTIC: [2048] Declaration of Common\Controller\AppBaseController::ajaxReturn() should be compatible with Think\Controller::ajaxReturn($data, $type = '', $json_option = 0) D:\phpStudy\WWW\weixin\Application\Common\Controller\AppBaseController.class.php 第 124 行.
SQL: SHOW COLUMNS FROM `wx_admin` [ RunTime:0.0070s ]
NOTIC: [8] Undefined index: data D:\phpStudy\WWW\weixin\Application\Common\Controller\AppBaseController.class.php 第 95 行.

[ 2016-03-23T03:40:58+08:00 ] ::1 /weixin/index.php/Admin/Login/login_post.html
INFO: [ app_begin ] --START--
INFO: Run Behavior\ReadHtmlCacheBehavior [ RunTime:0.000000s ]
INFO: [ app_begin ] --END-- [ RunTime:0.000000s ]
NOTIC: [2048] Declaration of Common\Controller\AppBaseController::ajaxReturn() should be compatible with Think\Controller::ajaxReturn($data, $type = '', $json_option = 0) D:\phpStudy\WWW\weixin\Application\Common\Controller\AppBaseController.class.php 第 124 行.
SQL: SHOW COLUMNS FROM `wx_admin` [ RunTime:0.0060s ]
NOTIC: [8] Undefined index: data D:\phpStudy\WWW\weixin\Application\Common\Controller\AppBaseController.class.php 第 95 行.

[ 2016-03-23T03:41:09+08:00 ] ::1 /weixin/index.php/Admin/Login/login_post.html
INFO: [ app_begin ] --START--
INFO: Run Behavior\ReadHtmlCacheBehavior [ RunTime:0.000000s ]
INFO: [ app_begin ] --END-- [ RunTime:0.001000s ]
NOTIC: [2048] Declaration of Common\Controller\AppBaseController::ajaxReturn() should be compatible with Think\Controller::ajaxReturn($data, $type = '', $json_option = 0) D:\phpStudy\WWW\weixin\Application\Common\Controller\AppBaseController.class.php 第 124 行.
SQL: SHOW COLUMNS FROM `wx_admin` [ RunTime:0.0040s ]
NOTIC: [8] Undefined index: data D:\phpStudy\WWW\weixin\Application\Common\Controller\AppBaseController.class.php 第 95 行.

[ 2016-03-23T03:43:27+08:00 ] ::1 /weixin/index.php/Admin/Login/login_post.html
INFO: [ app_begin ] --START--
INFO: Run Behavior\ReadHtmlCacheBehavior [ RunTime:0.000000s ]
INFO: [ app_begin ] --END-- [ RunTime:0.000000s ]
NOTIC: [2048] Declaration of Common\Controller\AppBaseController::ajaxReturn() should be compatible with Think\Controller::ajaxReturn($data, $type = '', $json_option = 0) D:\phpStudy\WWW\weixin\Application\Common\Controller\AppBaseController.class.php 第 124 行.
SQL: SHOW COLUMNS FROM `wx_admin` [ RunTime:0.0070s ]
NOTIC: [8] Undefined index: data D:\phpStudy\WWW\weixin\Application\Common\Controller\AppBaseController.class.php 第 95 行.

[ 2016-03-23T03:43:34+08:00 ] ::1 /weixin/index.php/Admin/Login/login_post.html
INFO: [ app_begin ] --START--
INFO: Run Behavior\ReadHtmlCacheBehavior [ RunTime:0.001000s ]
INFO: [ app_begin ] --END-- [ RunTime:0.001000s ]
NOTIC: [2048] Declaration of Common\Controller\AppBaseController::ajaxReturn() should be compatible with Think\Controller::ajaxReturn($data, $type = '', $json_option = 0) D:\phpStudy\WWW\weixin\Application\Common\Controller\AppBaseController.class.php 第 124 行.
SQL: SHOW COLUMNS FROM `wx_admin` [ RunTime:0.0070s ]
NOTIC: [8] Undefined index: data D:\phpStudy\WWW\weixin\Application\Common\Controller\AppBaseController.class.php 第 95 行.

[ 2016-03-23T03:44:27+08:00 ] ::1 /weixin/index.php/Admin/Login/login_post.html
INFO: [ app_begin ] --START--
INFO: Run Behavior\ReadHtmlCacheBehavior [ RunTime:0.000000s ]
INFO: [ app_begin ] --END-- [ RunTime:0.000000s ]
NOTIC: [2048] Declaration of Common\Controller\AppBaseController::ajaxReturn() should be compatible with Think\Controller::ajaxReturn($data, $type = '', $json_option = 0) D:\phpStudy\WWW\weixin\Application\Common\Controller\AppBaseController.class.php 第 124 行.
SQL: SHOW COLUMNS FROM `wx_admin` [ RunTime:0.0070s ]
NOTIC: [8] Undefined index: data D:\phpStudy\WWW\weixin\Application\Common\Controller\AppBaseController.class.php 第 95 行.

[ 2016-03-23T03:44:36+08:00 ] ::1 /weixin/index.php/Admin/Login/login_post.html
INFO: [ app_begin ] --START--
INFO: Run Behavior\ReadHtmlCacheBehavior [ RunTime:0.001000s ]
INFO: [ app_begin ] --END-- [ RunTime:0.001000s ]
NOTIC: [2048] Declaration of Common\Controller\AppBaseController::ajaxReturn() should be compatible with Think\Controller::ajaxReturn($data, $type = '', $json_option = 0) D:\phpStudy\WWW\weixin\Application\Common\Controller\AppBaseController.class.php 第 124 行.
SQL: SHOW COLUMNS FROM `wx_admin` [ RunTime:0.0040s ]
NOTIC: [8] Undefined index: data D:\phpStudy\WWW\weixin\Application\Common\Controller\AppBaseController.class.php 第 95 行.

[ 2016-03-23T03:45:14+08:00 ] ::1 /weixin/index.php/Admin/Login/login_post.html
INFO: [ app_begin ] --START--
INFO: Run Behavior\ReadHtmlCacheBehavior [ RunTime:0.000000s ]
INFO: [ app_begin ] --END-- [ RunTime:0.000000s ]
NOTIC: [2048] Declaration of Common\Controller\AppBaseController::ajaxReturn() should be compatible with Think\Controller::ajaxReturn($data, $type = '', $json_option = 0) D:\phpStudy\WWW\weixin\Application\Common\Controller\AppBaseController.class.php 第 124 行.
SQL: SHOW COLUMNS FROM `wx_admin` [ RunTime:0.0070s ]
NOTIC: [8] Undefined index: data D:\phpStudy\WWW\weixin\Application\Common\Controller\AppBaseController.class.php 第 95 行.

[ 2016-03-23T03:46:29+08:00 ] ::1 /weixin/index.php/Admin/Login/login_post.html
INFO: [ app_begin ] --START--
INFO: Run Behavior\ReadHtmlCacheBehavior [ RunTime:0.000000s ]
INFO: [ app_begin ] --END-- [ RunTime:0.001000s ]
NOTIC: [2048] Declaration of Common\Controller\AppBaseController::ajaxReturn() should be compatible with Think\Controller::ajaxReturn($data, $type = '', $json_option = 0) D:\phpStudy\WWW\weixin\Application\Common\Controller\AppBaseController.class.php 第 124 行.
SQL: SHOW COLUMNS FROM `wx_admin` [ RunTime:0.0050s ]
NOTIC: [8] Undefined index: data D:\phpStudy\WWW\weixin\Application\Common\Controller\AppBaseController.class.php 第 95 行.

[ 2016-03-23T03:47:05+08:00 ] ::1 /weixin/index.php/Admin/Login/login_post.html
INFO: [ app_begin ] --START--
INFO: Run Behavior\ReadHtmlCacheBehavior [ RunTime:0.000000s ]
INFO: [ app_begin ] --END-- [ RunTime:0.001000s ]
NOTIC: [2048] Declaration of Common\Controller\AppBaseController::ajaxReturn() should be compatible with Think\Controller::ajaxReturn($data, $type = '', $json_option = 0) D:\phpStudy\WWW\weixin\Application\Common\Controller\AppBaseController.class.php 第 124 行.
SQL: SHOW COLUMNS FROM `wx_admin` [ RunTime:0.0060s ]
NOTIC: [8] Undefined index: data D:\phpStudy\WWW\weixin\Application\Common\Controller\AppBaseController.class.php 第 95 行.

[ 2016-03-23T03:47:29+08:00 ] ::1 /weixin/index.php/Admin/Login/login_post.html
INFO: [ app_begin ] --START--
INFO: Run Behavior\ReadHtmlCacheBehavior [ RunTime:0.001000s ]
INFO: [ app_begin ] --END-- [ RunTime:0.001000s ]
NOTIC: [2048] Declaration of Common\Controller\AppBaseController::ajaxReturn() should be compatible with Think\Controller::ajaxReturn($data, $type = '', $json_option = 0) D:\phpStudy\WWW\weixin\Application\Common\Controller\AppBaseController.class.php 第 124 行.
SQL: SHOW COLUMNS FROM `wx_admin` [ RunTime:0.0070s ]
NOTIC: [8] Undefined index: data D:\phpStudy\WWW\weixin\Application\Common\Controller\AppBaseController.class.php 第 95 行.

[ 2016-03-23T03:47:38+08:00 ] ::1 /weixin/index.php/Admin/Login/login_post.html
INFO: [ app_begin ] --START--
INFO: Run Behavior\ReadHtmlCacheBehavior [ RunTime:0.000000s ]
INFO: [ app_begin ] --END-- [ RunTime:0.000000s ]
NOTIC: [2048] Declaration of Common\Controller\AppBaseController::ajaxReturn() should be compatible with Think\Controller::ajaxReturn($data, $type = '', $json_option = 0) D:\phpStudy\WWW\weixin\Application\Common\Controller\AppBaseController.class.php 第 124 行.
SQL: SHOW COLUMNS FROM `wx_admin` [ RunTime:0.0070s ]
NOTIC: [8] Undefined index: data D:\phpStudy\WWW\weixin\Application\Common\Controller\AppBaseController.class.php 第 95 行.

[ 2016-03-23T03:48:08+08:00 ] ::1 /weixin/index.php/Admin/Login/login_post.html
INFO: [ app_begin ] --START--
INFO: Run Behavior\ReadHtmlCacheBehavior [ RunTime:0.000000s ]
INFO: [ app_begin ] --END-- [ RunTime:0.000000s ]
NOTIC: [2048] Declaration of Common\Controller\AppBaseController::ajaxReturn() should be compatible with Think\Controller::ajaxReturn($data, $type = '', $json_option = 0) D:\phpStudy\WWW\weixin\Application\Common\Controller\AppBaseController.class.php 第 124 行.
SQL: SHOW COLUMNS FROM `wx_admin` [ RunTime:0.0070s ]
NOTIC: [8] Undefined index: data D:\phpStudy\WWW\weixin\Application\Common\Controller\AppBaseController.class.php 第 95 行.

[ 2016-03-23T03:48:22+08:00 ] ::1 /weixin/index.php/Admin/Login/login_post.html
INFO: [ app_begin ] --START--
INFO: Run Behavior\ReadHtmlCacheBehavior [ RunTime:0.000000s ]
INFO: [ app_begin ] --END-- [ RunTime:0.000000s ]
NOTIC: [2048] Declaration of Common\Controller\AppBaseController::ajaxReturn() should be compatible with Think\Controller::ajaxReturn($data, $type = '', $json_option = 0) D:\phpStudy\WWW\weixin\Application\Common\Controller\AppBaseController.class.php 第 124 行.
SQL: SHOW COLUMNS FROM `wx_admin` [ RunTime:0.0040s ]
NOTIC: [8] Undefined index: data D:\phpStudy\WWW\weixin\Application\Common\Controller\AppBaseController.class.php 第 95 行.

[ 2016-03-23T03:48:32+08:00 ] ::1 /weixin/index.php/Admin/Login/login_post.html
INFO: [ app_begin ] --START--
INFO: Run Behavior\ReadHtmlCacheBehavior [ RunTime:0.000000s ]
INFO: [ app_begin ] --END-- [ RunTime:0.000000s ]
NOTIC: [2048] Declaration of Common\Controller\AppBaseController::ajaxReturn() should be compatible with Think\Controller::ajaxReturn($data, $type = '', $json_option = 0) D:\phpStudy\WWW\weixin\Application\Common\Controller\AppBaseController.class.php 第 124 行.
SQL: SHOW COLUMNS FROM `wx_admin` [ RunTime:0.0070s ]
NOTIC: [8] Undefined index: data D:\phpStudy\WWW\weixin\Application\Common\Controller\AppBaseController.class.php 第 95 行.

[ 2016-03-23T03:49:20+08:00 ] ::1 /weixin/index.php/Admin/Login/login_post.html
INFO: [ app_begin ] --START--
INFO: Run Behavior\ReadHtmlCacheBehavior [ RunTime:0.000000s ]
INFO: [ app_begin ] --END-- [ RunTime:0.000000s ]
NOTIC: [2048] Declaration of Common\Controller\AppBaseController::ajaxReturn() should be compatible with Think\Controller::ajaxReturn($data, $type = '', $json_option = 0) D:\phpStudy\WWW\weixin\Application\Common\Controller\AppBaseController.class.php 第 124 行.
SQL: SHOW COLUMNS FROM `wx_admin` [ RunTime:0.0070s ]
NOTIC: [8] Undefined index: data D:\phpStudy\WWW\weixin\Application\Common\Controller\AppBaseController.class.php 第 95 行.

[ 2016-03-23T03:49:33+08:00 ] ::1 /weixin/index.php/Admin/Login/login_post.html
INFO: [ app_begin ] --START--
INFO: Run Behavior\ReadHtmlCacheBehavior [ RunTime:0.000000s ]
INFO: [ app_begin ] --END-- [ RunTime:0.000000s ]
NOTIC: [2048] Declaration of Common\Controller\AppBaseController::ajaxReturn() should be compatible with Think\Controller::ajaxReturn($data, $type = '', $json_option = 0) D:\phpStudy\WWW\weixin\Application\Common\Controller\AppBaseController.class.php 第 124 行.
SQL: SHOW COLUMNS FROM `wx_admin` [ RunTime:0.0070s ]
NOTIC: [8] Undefined index: data D:\phpStudy\WWW\weixin\Application\Common\Controller\AppBaseController.class.php 第 95 行.

[ 2016-03-23T03:50:30+08:00 ] ::1 /weixin/index.php/Admin/Login/login_post.html
INFO: [ app_begin ] --START--
INFO: Run Behavior\ReadHtmlCacheBehavior [ RunTime:0.001000s ]
INFO: [ app_begin ] --END-- [ RunTime:0.001000s ]
NOTIC: [2048] Declaration of Common\Controller\AppBaseController::ajaxReturn() should be compatible with Think\Controller::ajaxReturn($data, $type = '', $json_option = 0) D:\phpStudy\WWW\weixin\Application\Common\Controller\AppBaseController.class.php 第 124 行.
SQL: SHOW COLUMNS FROM `wx_admin` [ RunTime:0.0070s ]
NOTIC: [8] Undefined index: data D:\phpStudy\WWW\weixin\Application\Common\Controller\AppBaseController.class.php 第 95 行.

[ 2016-03-23T03:50:51+08:00 ] ::1 /weixin/index.php/Admin/Login/login_post.html
INFO: [ app_begin ] --START--
INFO: Run Behavior\ReadHtmlCacheBehavior [ RunTime:0.000000s ]
INFO: [ app_begin ] --END-- [ RunTime:0.000000s ]
NOTIC: [2048] Declaration of Common\Controller\AppBaseController::ajaxReturn() should be compatible with Think\Controller::ajaxReturn($data, $type = '', $json_option = 0) D:\phpStudy\WWW\weixin\Application\Common\Controller\AppBaseController.class.php 第 124 行.
SQL: SHOW COLUMNS FROM `wx_admin` [ RunTime:0.0050s ]
NOTIC: [8] Undefined index: data D:\phpStudy\WWW\weixin\Application\Common\Controller\AppBaseController.class.php 第 95 行.

[ 2016-03-23T03:51:46+08:00 ] ::1 /weixin/index.php/Admin/Login/login_post.html
INFO: [ app_begin ] --START--
INFO: Run Behavior\ReadHtmlCacheBehavior [ RunTime:0.000000s ]
INFO: [ app_begin ] --END-- [ RunTime:0.001000s ]
NOTIC: [2048] Declaration of Common\Controller\AppBaseController::ajaxReturn() should be compatible with Think\Controller::ajaxReturn($data, $type = '', $json_option = 0) D:\phpStudy\WWW\weixin\Application\Common\Controller\AppBaseController.class.php 第 124 行.
SQL: SHOW COLUMNS FROM `wx_admin` [ RunTime:0.0070s ]
NOTIC: [8] Undefined index: data D:\phpStudy\WWW\weixin\Application\Common\Controller\AppBaseController.class.php 第 95 行.

[ 2016-03-23T03:52:08+08:00 ] ::1 /weixin/index.php/Admin/Login/login_post.html
INFO: [ app_begin ] --START--
INFO: Run Behavior\ReadHtmlCacheBehavior [ RunTime:0.000000s ]
INFO: [ app_begin ] --END-- [ RunTime:0.000000s ]
NOTIC: [2048] Declaration of Common\Controller\AppBaseController::ajaxReturn() should be compatible with Think\Controller::ajaxReturn($data, $type = '', $json_option = 0) D:\phpStudy\WWW\weixin\Application\Common\Controller\AppBaseController.class.php 第 124 行.
SQL: SHOW COLUMNS FROM `wx_admin` [ RunTime:0.0070s ]
NOTIC: [8] Undefined index: data D:\phpStudy\WWW\weixin\Application\Common\Controller\AppBaseController.class.php 第 95 行.

[ 2016-03-23T03:52:15+08:00 ] ::1 /weixin/index.php/Admin/Login/login_post.html
INFO: [ app_begin ] --START--
INFO: Run Behavior\ReadHtmlCacheBehavior [ RunTime:0.000000s ]
INFO: [ app_begin ] --END-- [ RunTime:0.000000s ]
NOTIC: [2048] Declaration of Common\Controller\AppBaseController::ajaxReturn() should be compatible with Think\Controller::ajaxReturn($data, $type = '', $json_option = 0) D:\phpStudy\WWW\weixin\Application\Common\Controller\AppBaseController.class.php 第 124 行.
SQL: SHOW COLUMNS FROM `wx_admin` [ RunTime:0.0070s ]
NOTIC: [8] Undefined index: data D:\phpStudy\WWW\weixin\Application\Common\Controller\AppBaseController.class.php 第 95 行.

[ 2016-03-23T03:52:57+08:00 ] ::1 /weixin/index.php/Admin/Login/login_post.html
INFO: [ app_begin ] --START--
INFO: Run Behavior\ReadHtmlCacheBehavior [ RunTime:0.001000s ]
INFO: [ app_begin ] --END-- [ RunTime:0.001000s ]
NOTIC: [2048] Declaration of Common\Controller\AppBaseController::ajaxReturn() should be compatible with Think\Controller::ajaxReturn($data, $type = '', $json_option = 0) D:\phpStudy\WWW\weixin\Application\Common\Controller\AppBaseController.class.php 第 124 行.
SQL: SHOW COLUMNS FROM `wx_admin` [ RunTime:0.0040s ]
NOTIC: [8] Undefined index: data D:\phpStudy\WWW\weixin\Application\Common\Controller\AppBaseController.class.php 第 95 行.

[ 2016-03-23T03:53:07+08:00 ] ::1 /weixin/index.php/Admin/Login/login_post.html
INFO: [ app_begin ] --START--
INFO: Run Behavior\ReadHtmlCacheBehavior [ RunTime:0.000000s ]
INFO: [ app_begin ] --END-- [ RunTime:0.001000s ]
NOTIC: [2048] Declaration of Common\Controller\AppBaseController::ajaxReturn() should be compatible with Think\Controller::ajaxReturn($data, $type = '', $json_option = 0) D:\phpStudy\WWW\weixin\Application\Common\Controller\AppBaseController.class.php 第 124 行.
SQL: SHOW COLUMNS FROM `wx_admin` [ RunTime:0.0080s ]
NOTIC: [8] Undefined index: data D:\phpStudy\WWW\weixin\Application\Common\Controller\AppBaseController.class.php 第 95 行.

[ 2016-03-23T03:53:35+08:00 ] ::1 /weixin/index.php/Admin/Login/login_post.html
INFO: [ app_begin ] --START--
INFO: Run Behavior\ReadHtmlCacheBehavior [ RunTime:0.001000s ]
INFO: [ app_begin ] --END-- [ RunTime:0.001000s ]
NOTIC: [2048] Declaration of Common\Controller\AppBaseController::ajaxReturn() should be compatible with Think\Controller::ajaxReturn($data, $type = '', $json_option = 0) D:\phpStudy\WWW\weixin\Application\Common\Controller\AppBaseController.class.php 第 124 行.
SQL: SHOW COLUMNS FROM `wx_admin` [ RunTime:0.0060s ]
NOTIC: [8] Undefined index: data D:\phpStudy\WWW\weixin\Application\Common\Controller\AppBaseController.class.php 第 95 行.

[ 2016-03-23T03:54:02+08:00 ] ::1 /weixin/index.php/Admin/Login/login_post.html
INFO: [ app_begin ] --START--
INFO: Run Behavior\ReadHtmlCacheBehavior [ RunTime:0.000000s ]
INFO: [ app_begin ] --END-- [ RunTime:0.001000s ]
NOTIC: [2048] Declaration of Common\Controller\AppBaseController::ajaxReturn() should be compatible with Think\Controller::ajaxReturn($data, $type = '', $json_option = 0) D:\phpStudy\WWW\weixin\Application\Common\Controller\AppBaseController.class.php 第 124 行.
SQL: SHOW COLUMNS FROM `wx_admin` [ RunTime:0.0080s ]
NOTIC: [8] Undefined index: data D:\phpStudy\WWW\weixin\Application\Common\Controller\AppBaseController.class.php 第 95 行.

[ 2016-03-23T03:54:13+08:00 ] ::1 /weixin/index.php/Admin/Login/login_post.html
INFO: [ app_begin ] --START--
INFO: Run Behavior\ReadHtmlCacheBehavior [ RunTime:0.001000s ]
INFO: [ app_begin ] --END-- [ RunTime:0.001000s ]
NOTIC: [2048] Declaration of Common\Controller\AppBaseController::ajaxReturn() should be compatible with Think\Controller::ajaxReturn($data, $type = '', $json_option = 0) D:\phpStudy\WWW\weixin\Application\Common\Controller\AppBaseController.class.php 第 124 行.
SQL: SHOW COLUMNS FROM `wx_admin` [ RunTime:0.0060s ]
NOTIC: [8] Undefined index: data D:\phpStudy\WWW\weixin\Application\Common\Controller\AppBaseController.class.php 第 95 行.

[ 2016-03-23T03:54:20+08:00 ] ::1 /weixin/index.php/Admin/Login/login_post.html
INFO: [ app_begin ] --START--
INFO: Run Behavior\ReadHtmlCacheBehavior [ RunTime:0.000000s ]
INFO: [ app_begin ] --END-- [ RunTime:0.001000s ]
NOTIC: [2048] Declaration of Common\Controller\AppBaseController::ajaxReturn() should be compatible with Think\Controller::ajaxReturn($data, $type = '', $json_option = 0) D:\phpStudy\WWW\weixin\Application\Common\Controller\AppBaseController.class.php 第 124 行.
SQL: SHOW COLUMNS FROM `wx_admin` [ RunTime:0.0080s ]
NOTIC: [8] Undefined index: data D:\phpStudy\WWW\weixin\Application\Common\Controller\AppBaseController.class.php 第 95 行.

[ 2016-03-23T03:54:41+08:00 ] ::1 /weixin/index.php/Admin/Login/login_post.html
INFO: [ app_begin ] --START--
INFO: Run Behavior\ReadHtmlCacheBehavior [ RunTime:0.001000s ]
INFO: [ app_begin ] --END-- [ RunTime:0.001000s ]
NOTIC: [2048] Declaration of Common\Controller\AppBaseController::ajaxReturn() should be compatible with Think\Controller::ajaxReturn($data, $type = '', $json_option = 0) D:\phpStudy\WWW\weixin\Application\Common\Controller\AppBaseController.class.php 第 124 行.
SQL: SHOW COLUMNS FROM `wx_admin` [ RunTime:0.0040s ]
NOTIC: [8] Undefined index: data D:\phpStudy\WWW\weixin\Application\Common\Controller\AppBaseController.class.php 第 95 行.

[ 2016-03-23T03:55:48+08:00 ] ::1 /weixin/index.php/Admin/Login/login_post.html
INFO: [ app_begin ] --START--
INFO: Run Behavior\ReadHtmlCacheBehavior [ RunTime:0.000000s ]
INFO: [ app_begin ] --END-- [ RunTime:0.002000s ]
NOTIC: [2048] Declaration of Common\Controller\AppBaseController::ajaxReturn() should be compatible with Think\Controller::ajaxReturn($data, $type = '', $json_option = 0) D:\phpStudy\WWW\weixin\Application\Common\Controller\AppBaseController.class.php 第 124 行.
SQL: SHOW COLUMNS FROM `wx_admin` [ RunTime:0.0060s ]
NOTIC: [8] Undefined index: data D:\phpStudy\WWW\weixin\Application\Common\Controller\AppBaseController.class.php 第 95 行.

[ 2016-03-23T03:56:23+08:00 ] ::1 /weixin/index.php/Admin/Login/login_post.html
INFO: [ app_begin ] --START--
INFO: Run Behavior\ReadHtmlCacheBehavior [ RunTime:0.000000s ]
INFO: [ app_begin ] --END-- [ RunTime:0.000000s ]
NOTIC: [2048] Declaration of Common\Controller\AppBaseController::ajaxReturn() should be compatible with Think\Controller::ajaxReturn($data, $type = '', $json_option = 0) D:\phpStudy\WWW\weixin\Application\Common\Controller\AppBaseController.class.php 第 124 行.
SQL: SHOW COLUMNS FROM `wx_admin` [ RunTime:0.0070s ]
NOTIC: [8] Undefined index: data D:\phpStudy\WWW\weixin\Application\Common\Controller\AppBaseController.class.php 第 95 行.

[ 2016-03-23T03:56:36+08:00 ] ::1 /weixin/index.php/Admin/Login/login_post.html
INFO: [ app_begin ] --START--
INFO: Run Behavior\ReadHtmlCacheBehavior [ RunTime:0.000000s ]
INFO: [ app_begin ] --END-- [ RunTime:0.000000s ]
NOTIC: [2048] Declaration of Common\Controller\AppBaseController::ajaxReturn() should be compatible with Think\Controller::ajaxReturn($data, $type = '', $json_option = 0) D:\phpStudy\WWW\weixin\Application\Common\Controller\AppBaseController.class.php 第 124 行.
SQL: SHOW COLUMNS FROM `wx_admin` [ RunTime:0.0080s ]
NOTIC: [8] Undefined index: data D:\phpStudy\WWW\weixin\Application\Common\Controller\AppBaseController.class.php 第 95 行.

[ 2016-03-23T03:56:55+08:00 ] ::1 /weixin/index.php/Admin/Login/login_post.html
INFO: [ app_begin ] --START--
INFO: Run Behavior\ReadHtmlCacheBehavior [ RunTime:0.001000s ]
INFO: [ app_begin ] --END-- [ RunTime:0.001000s ]
NOTIC: [2048] Declaration of Common\Controller\AppBaseController::ajaxReturn() should be compatible with Think\Controller::ajaxReturn($data, $type = '', $json_option = 0) D:\phpStudy\WWW\weixin\Application\Common\Controller\AppBaseController.class.php 第 124 行.
SQL: SHOW COLUMNS FROM `wx_admin` [ RunTime:0.0030s ]
NOTIC: [8] Undefined index: data D:\phpStudy\WWW\weixin\Application\Common\Controller\AppBaseController.class.php 第 95 行.

[ 2016-03-23T03:57:03+08:00 ] ::1 /weixin/index.php/Admin/Login/login_post.html
INFO: [ app_begin ] --START--
INFO: Run Behavior\ReadHtmlCacheBehavior [ RunTime:0.001000s ]
INFO: [ app_begin ] --END-- [ RunTime:0.001000s ]
NOTIC: [2048] Declaration of Common\Controller\AppBaseController::ajaxReturn() should be compatible with Think\Controller::ajaxReturn($data, $type = '', $json_option = 0) D:\phpStudy\WWW\weixin\Application\Common\Controller\AppBaseController.class.php 第 124 行.
SQL: SHOW COLUMNS FROM `wx_admin` [ RunTime:0.0070s ]
NOTIC: [8] Undefined index: data D:\phpStudy\WWW\weixin\Application\Common\Controller\AppBaseController.class.php 第 95 行.

[ 2016-03-23T03:57:09+08:00 ] ::1 /weixin/index.php/Admin/Login/login_post.html
INFO: [ app_begin ] --START--
INFO: Run Behavior\ReadHtmlCacheBehavior [ RunTime:0.001000s ]
INFO: [ app_begin ] --END-- [ RunTime:0.001000s ]
NOTIC: [2048] Declaration of Common\Controller\AppBaseController::ajaxReturn() should be compatible with Think\Controller::ajaxReturn($data, $type = '', $json_option = 0) D:\phpStudy\WWW\weixin\Application\Common\Controller\AppBaseController.class.php 第 124 行.
SQL: SHOW COLUMNS FROM `wx_admin` [ RunTime:0.0090s ]
NOTIC: [8] Undefined index: data D:\phpStudy\WWW\weixin\Application\Common\Controller\AppBaseController.class.php 第 95 行.

[ 2016-03-23T03:57:25+08:00 ] ::1 /weixin/index.php/Admin/Login/login_post.html
INFO: [ app_begin ] --START--
INFO: Run Behavior\ReadHtmlCacheBehavior [ RunTime:0.001000s ]
INFO: [ app_begin ] --END-- [ RunTime:0.001000s ]
NOTIC: [2048] Declaration of Common\Controller\AppBaseController::ajaxReturn() should be compatible with Think\Controller::ajaxReturn($data, $type = '', $json_option = 0) D:\phpStudy\WWW\weixin\Application\Common\Controller\AppBaseController.class.php 第 124 行.
SQL: SHOW COLUMNS FROM `wx_admin` [ RunTime:0.0040s ]
NOTIC: [8] Undefined index: data D:\phpStudy\WWW\weixin\Application\Common\Controller\AppBaseController.class.php 第 95 行.

[ 2016-03-23T03:57:41+08:00 ] ::1 /weixin/index.php/Admin/Login/login_post.html
INFO: [ app_begin ] --START--
INFO: Run Behavior\ReadHtmlCacheBehavior [ RunTime:0.001000s ]
INFO: [ app_begin ] --END-- [ RunTime:0.001000s ]
NOTIC: [2048] Declaration of Common\Controller\AppBaseController::ajaxReturn() should be compatible with Think\Controller::ajaxReturn($data, $type = '', $json_option = 0) D:\phpStudy\WWW\weixin\Application\Common\Controller\AppBaseController.class.php 第 124 行.
SQL: SHOW COLUMNS FROM `wx_admin` [ RunTime:0.0070s ]
NOTIC: [8] Undefined index: data D:\phpStudy\WWW\weixin\Application\Common\Controller\AppBaseController.class.php 第 95 行.

[ 2016-03-23T03:57:49+08:00 ] ::1 /weixin/index.php/Admin/Login/login_post.html
INFO: [ app_begin ] --START--
INFO: Run Behavior\ReadHtmlCacheBehavior [ RunTime:0.001000s ]
INFO: [ app_begin ] --END-- [ RunTime:0.001000s ]
NOTIC: [2048] Declaration of Common\Controller\AppBaseController::ajaxReturn() should be compatible with Think\Controller::ajaxReturn($data, $type = '', $json_option = 0) D:\phpStudy\WWW\weixin\Application\Common\Controller\AppBaseController.class.php 第 124 行.
SQL: SHOW COLUMNS FROM `wx_admin` [ RunTime:0.0040s ]
NOTIC: [8] Undefined index: data D:\phpStudy\WWW\weixin\Application\Common\Controller\AppBaseController.class.php 第 95 行.

[ 2016-03-23T03:58:01+08:00 ] ::1 /weixin/index.php/Admin/Login/login_post.html
INFO: [ app_begin ] --START--
INFO: Run Behavior\ReadHtmlCacheBehavior [ RunTime:0.000000s ]
INFO: [ app_begin ] --END-- [ RunTime:0.000000s ]
NOTIC: [2048] Declaration of Common\Controller\AppBaseController::ajaxReturn() should be compatible with Think\Controller::ajaxReturn($data, $type = '', $json_option = 0) D:\phpStudy\WWW\weixin\Application\Common\Controller\AppBaseController.class.php 第 124 行.
SQL: SHOW COLUMNS FROM `wx_admin` [ RunTime:0.0040s ]
NOTIC: [8] Undefined index: data D:\phpStudy\WWW\weixin\Application\Common\Controller\AppBaseController.class.php 第 95 行.

[ 2016-03-23T03:58:19+08:00 ] ::1 /weixin/index.php/Admin/Login/login_post.html
INFO: [ app_begin ] --START--
INFO: Run Behavior\ReadHtmlCacheBehavior [ RunTime:0.000000s ]
INFO: [ app_begin ] --END-- [ RunTime:0.000000s ]
NOTIC: [2048] Declaration of Common\Controller\AppBaseController::ajaxReturn() should be compatible with Think\Controller::ajaxReturn($data, $type = '', $json_option = 0) D:\phpStudy\WWW\weixin\Application\Common\Controller\AppBaseController.class.php 第 124 行.
SQL: SHOW COLUMNS FROM `wx_admin` [ RunTime:0.0080s ]
NOTIC: [8] Undefined index: data D:\phpStudy\WWW\weixin\Application\Common\Controller\AppBaseController.class.php 第 95 行.

[ 2016-03-23T03:58:25+08:00 ] ::1 /weixin/index.php/Admin/Login/login_post.html
INFO: [ app_begin ] --START--
INFO: Run Behavior\ReadHtmlCacheBehavior [ RunTime:0.001000s ]
INFO: [ app_begin ] --END-- [ RunTime:0.001000s ]
NOTIC: [2048] Declaration of Common\Controller\AppBaseController::ajaxReturn() should be compatible with Think\Controller::ajaxReturn($data, $type = '', $json_option = 0) D:\phpStudy\WWW\weixin\Application\Common\Controller\AppBaseController.class.php 第 124 行.
SQL: SHOW COLUMNS FROM `wx_admin` [ RunTime:0.0030s ]
NOTIC: [8] Undefined index: data D:\phpStudy\WWW\weixin\Application\Common\Controller\AppBaseController.class.php 第 95 行.

[ 2016-03-23T03:58:41+08:00 ] ::1 /weixin/index.php/Admin/Login/login_post.html
INFO: [ app_begin ] --START--
INFO: Run Behavior\ReadHtmlCacheBehavior [ RunTime:0.001000s ]
INFO: [ app_begin ] --END-- [ RunTime:0.001000s ]
NOTIC: [2048] Declaration of Common\Controller\AppBaseController::ajaxReturn() should be compatible with Think\Controller::ajaxReturn($data, $type = '', $json_option = 0) D:\phpStudy\WWW\weixin\Application\Common\Controller\AppBaseController.class.php 第 124 行.
SQL: SHOW COLUMNS FROM `wx_admin` [ RunTime:0.0070s ]
NOTIC: [8] Undefined index: data D:\phpStudy\WWW\weixin\Application\Common\Controller\AppBaseController.class.php 第 95 行.

[ 2016-03-23T03:58:46+08:00 ] ::1 /weixin/index.php/Admin/Login/login_post.html
INFO: [ app_begin ] --START--
INFO: Run Behavior\ReadHtmlCacheBehavior [ RunTime:0.001000s ]
INFO: [ app_begin ] --END-- [ RunTime:0.001000s ]
NOTIC: [2048] Declaration of Common\Controller\AppBaseController::ajaxReturn() should be compatible with Think\Controller::ajaxReturn($data, $type = '', $json_option = 0) D:\phpStudy\WWW\weixin\Application\Common\Controller\AppBaseController.class.php 第 124 行.
SQL: SHOW COLUMNS FROM `wx_admin` [ RunTime:0.0060s ]
NOTIC: [8] Undefined index: data D:\phpStudy\WWW\weixin\Application\Common\Controller\AppBaseController.class.php 第 95 行.

[ 2016-03-23T03:58:51+08:00 ] ::1 /weixin/index.php/Admin/Login/login_post.html
INFO: [ app_begin ] --START--
INFO: Run Behavior\ReadHtmlCacheBehavior [ RunTime:0.001000s ]
INFO: [ app_begin ] --END-- [ RunTime:0.001000s ]
NOTIC: [2048] Declaration of Common\Controller\AppBaseController::ajaxReturn() should be compatible with Think\Controller::ajaxReturn($data, $type = '', $json_option = 0) D:\phpStudy\WWW\weixin\Application\Common\Controller\AppBaseController.class.php 第 124 行.
SQL: SHOW COLUMNS FROM `wx_admin` [ RunTime:0.0070s ]
NOTIC: [8] Undefined index: data D:\phpStudy\WWW\weixin\Application\Common\Controller\AppBaseController.class.php 第 95 行.

[ 2016-03-23T03:58:58+08:00 ] ::1 /weixin/index.php/Admin/Login/login_post.html
INFO: [ app_begin ] --START--
INFO: Run Behavior\ReadHtmlCacheBehavior [ RunTime:0.000000s ]
INFO: [ app_begin ] --END-- [ RunTime:0.000000s ]
NOTIC: [2048] Declaration of Common\Controller\AppBaseController::ajaxReturn() should be compatible with Think\Controller::ajaxReturn($data, $type = '', $json_option = 0) D:\phpStudy\WWW\weixin\Application\Common\Controller\AppBaseController.class.php 第 124 行.
SQL: SHOW COLUMNS FROM `wx_admin` [ RunTime:0.0060s ]
NOTIC: [8] Undefined index: data D:\phpStudy\WWW\weixin\Application\Common\Controller\AppBaseController.class.php 第 95 行.

[ 2016-03-23T03:59:09+08:00 ] ::1 /weixin/index.php/Admin/Login/login_post.html
INFO: [ app_begin ] --START--
INFO: Run Behavior\ReadHtmlCacheBehavior [ RunTime:0.001000s ]
INFO: [ app_begin ] --END-- [ RunTime:0.001000s ]
NOTIC: [2048] Declaration of Common\Controller\AppBaseController::ajaxReturn() should be compatible with Think\Controller::ajaxReturn($data, $type = '', $json_option = 0) D:\phpStudy\WWW\weixin\Application\Common\Controller\AppBaseController.class.php 第 124 行.
SQL: SHOW COLUMNS FROM `wx_admin` [ RunTime:0.0080s ]
NOTIC: [8] Undefined index: data D:\phpStudy\WWW\weixin\Application\Common\Controller\AppBaseController.class.php 第 95 行.

[ 2016-03-23T03:59:18+08:00 ] ::1 /weixin/index.php/Admin/Login/login_post.html
INFO: [ app_begin ] --START--
INFO: Run Behavior\ReadHtmlCacheBehavior [ RunTime:0.001000s ]
INFO: [ app_begin ] --END-- [ RunTime:0.001000s ]
NOTIC: [2048] Declaration of Common\Controller\AppBaseController::ajaxReturn() should be compatible with Think\Controller::ajaxReturn($data, $type = '', $json_option = 0) D:\phpStudy\WWW\weixin\Application\Common\Controller\AppBaseController.class.php 第 124 行.
SQL: SHOW COLUMNS FROM `wx_admin` [ RunTime:0.0050s ]
NOTIC: [8] Undefined index: data D:\phpStudy\WWW\weixin\Application\Common\Controller\AppBaseController.class.php 第 95 行.

[ 2016-03-23T03:59:38+08:00 ] ::1 /weixin/index.php/Admin/Login/login_post.html
INFO: [ app_begin ] --START--
INFO: Run Behavior\ReadHtmlCacheBehavior [ RunTime:0.000000s ]
INFO: [ app_begin ] --END-- [ RunTime:0.000000s ]
NOTIC: [2048] Declaration of Common\Controller\AppBaseController::ajaxReturn() should be compatible with Think\Controller::ajaxReturn($data, $type = '', $json_option = 0) D:\phpStudy\WWW\weixin\Application\Common\Controller\AppBaseController.class.php 第 124 行.
SQL: SHOW COLUMNS FROM `wx_admin` [ RunTime:0.0070s ]
NOTIC: [8] Undefined index: data D:\phpStudy\WWW\weixin\Application\Common\Controller\AppBaseController.class.php 第 95 行.

[ 2016-03-23T03:59:56+08:00 ] ::1 /weixin/index.php/Admin/Login/login_post.html
INFO: [ app_begin ] --START--
INFO: Run Behavior\ReadHtmlCacheBehavior [ RunTime:0.001000s ]
INFO: [ app_begin ] --END-- [ RunTime:0.001000s ]
NOTIC: [2048] Declaration of Common\Controller\AppBaseController::ajaxReturn() should be compatible with Think\Controller::ajaxReturn($data, $type = '', $json_option = 0) D:\phpStudy\WWW\weixin\Application\Common\Controller\AppBaseController.class.php 第 124 行.
SQL: SHOW COLUMNS FROM `wx_admin` [ RunTime:0.0070s ]
NOTIC: [8] Undefined index: data D:\phpStudy\WWW\weixin\Application\Common\Controller\AppBaseController.class.php 第 95 行.

[ 2016-03-23T04:00:10+08:00 ] ::1 /weixin/index.php/Admin/Login/login_post.html
INFO: [ app_begin ] --START--
INFO: Run Behavior\ReadHtmlCacheBehavior [ RunTime:0.001000s ]
INFO: [ app_begin ] --END-- [ RunTime:0.001000s ]
NOTIC: [2048] Declaration of Common\Controller\AppBaseController::ajaxReturn() should be compatible with Think\Controller::ajaxReturn($data, $type = '', $json_option = 0) D:\phpStudy\WWW\weixin\Application\Common\Controller\AppBaseController.class.php 第 124 行.
SQL: SHOW COLUMNS FROM `wx_admin` [ RunTime:0.0020s ]
NOTIC: [8] Undefined index: data D:\phpStudy\WWW\weixin\Application\Common\Controller\AppBaseController.class.php 第 95 行.

[ 2016-03-23T04:00:28+08:00 ] ::1 /weixin/index.php/Admin/Login/login_post.html
INFO: [ app_begin ] --START--
INFO: Run Behavior\ReadHtmlCacheBehavior [ RunTime:0.000000s ]
INFO: [ app_begin ] --END-- [ RunTime:0.000000s ]
NOTIC: [2048] Declaration of Common\Controller\AppBaseController::ajaxReturn() should be compatible with Think\Controller::ajaxReturn($data, $type = '', $json_option = 0) D:\phpStudy\WWW\weixin\Application\Common\Controller\AppBaseController.class.php 第 124 行.
SQL: SHOW COLUMNS FROM `wx_admin` [ RunTime:0.0050s ]
NOTIC: [8] Undefined index: data D:\phpStudy\WWW\weixin\Application\Common\Controller\AppBaseController.class.php 第 95 行.

[ 2016-03-23T04:00:34+08:00 ] ::1 /weixin/index.php/Admin/Login/login_post.html
INFO: [ app_begin ] --START--
INFO: Run Behavior\ReadHtmlCacheBehavior [ RunTime:0.001000s ]
INFO: [ app_begin ] --END-- [ RunTime:0.001000s ]
NOTIC: [2048] Declaration of Common\Controller\AppBaseController::ajaxReturn() should be compatible with Think\Controller::ajaxReturn($data, $type = '', $json_option = 0) D:\phpStudy\WWW\weixin\Application\Common\Controller\AppBaseController.class.php 第 124 行.
SQL: SHOW COLUMNS FROM `wx_admin` [ RunTime:0.0040s ]
NOTIC: [8] Undefined index: data D:\phpStudy\WWW\weixin\Application\Common\Controller\AppBaseController.class.php 第 95 行.

[ 2016-03-23T04:01:03+08:00 ] ::1 /weixin/index.php/Admin/Login/login_post.html
INFO: [ app_begin ] --START--
INFO: Run Behavior\ReadHtmlCacheBehavior [ RunTime:0.001000s ]
INFO: [ app_begin ] --END-- [ RunTime:0.001000s ]
NOTIC: [2048] Declaration of Common\Controller\AppBaseController::ajaxReturn() should be compatible with Think\Controller::ajaxReturn($data, $type = '', $json_option = 0) D:\phpStudy\WWW\weixin\Application\Common\Controller\AppBaseController.class.php 第 124 行.
SQL: SHOW COLUMNS FROM `wx_admin` [ RunTime:0.0070s ]
NOTIC: [8] Undefined index: validate D:\phpStudy\WWW\weixin\ThinkPHP\Library\Think\Model.class.php 第 1185 行.
NOTIC: [8] Undefined index: data D:\phpStudy\WWW\weixin\Application\Common\Controller\AppBaseController.class.php 第 95 行.

[ 2016-03-23T04:01:20+08:00 ] ::1 /weixin/index.php/Admin/Login/login_post.html
INFO: [ app_begin ] --START--
INFO: Run Behavior\ReadHtmlCacheBehavior [ RunTime:0.001000s ]
INFO: [ app_begin ] --END-- [ RunTime:0.001000s ]
NOTIC: [2048] Declaration of Common\Controller\AppBaseController::ajaxReturn() should be compatible with Think\Controller::ajaxReturn($data, $type = '', $json_option = 0) D:\phpStudy\WWW\weixin\Application\Common\Controller\AppBaseController.class.php 第 124 行.
SQL: SHOW COLUMNS FROM `wx_admin` [ RunTime:0.0070s ]
NOTIC: [8] Undefined index: validate D:\phpStudy\WWW\weixin\ThinkPHP\Library\Think\Model.class.php 第 1185 行.
NOTIC: [8] Undefined index: data D:\phpStudy\WWW\weixin\Application\Common\Controller\AppBaseController.class.php 第 95 行.

[ 2016-03-23T04:01:34+08:00 ] ::1 /weixin/index.php/Admin/Login/login_post.html
INFO: [ app_begin ] --START--
INFO: Run Behavior\ReadHtmlCacheBehavior [ RunTime:0.001000s ]
INFO: [ app_begin ] --END-- [ RunTime:0.001000s ]
NOTIC: [2048] Declaration of Common\Controller\AppBaseController::ajaxReturn() should be compatible with Think\Controller::ajaxReturn($data, $type = '', $json_option = 0) D:\phpStudy\WWW\weixin\Application\Common\Controller\AppBaseController.class.php 第 124 行.
SQL: SHOW COLUMNS FROM `wx_admin` [ RunTime:0.0050s ]
NOTIC: [8] Undefined index: validate D:\phpStudy\WWW\weixin\ThinkPHP\Library\Think\Model.class.php 第 1185 行.
NOTIC: [8] Undefined index: auto D:\phpStudy\WWW\weixin\ThinkPHP\Library\Think\Model.class.php 第 1128 行.
INFO: [ app_end ] --START--
INFO: Run Behavior\ShowPageTraceBehavior [ RunTime:0.001000s ]
INFO: [ app_end ] --END-- [ RunTime:0.001000s ]

[ 2016-03-23T04:01:44+08:00 ] ::1 /weixin/index.php/Admin/Login/login_post.html
INFO: [ app_begin ] --START--
INFO: Run Behavior\ReadHtmlCacheBehavior [ RunTime:0.001000s ]
INFO: [ app_begin ] --END-- [ RunTime:0.001000s ]
NOTIC: [2048] Declaration of Common\Controller\AppBaseController::ajaxReturn() should be compatible with Think\Controller::ajaxReturn($data, $type = '', $json_option = 0) D:\phpStudy\WWW\weixin\Application\Common\Controller\AppBaseController.class.php 第 124 行.
SQL: SHOW COLUMNS FROM `wx_admin` [ RunTime:0.0070s ]
NOTIC: [8] Undefined index: validate D:\phpStudy\WWW\weixin\ThinkPHP\Library\Think\Model.class.php 第 1185 行.
NOTIC: [8] Undefined index: data D:\phpStudy\WWW\weixin\Application\Common\Controller\AppBaseController.class.php 第 95 行.

[ 2016-03-23T04:02:12+08:00 ] ::1 /weixin/index.php/Admin/Login/login_post.html
INFO: [ app_begin ] --START--
INFO: Run Behavior\ReadHtmlCacheBehavior [ RunTime:0.000000s ]
INFO: [ app_begin ] --END-- [ RunTime:0.000000s ]
NOTIC: [2048] Declaration of Common\Controller\AppBaseController::ajaxReturn() should be compatible with Think\Controller::ajaxReturn($data, $type = '', $json_option = 0) D:\phpStudy\WWW\weixin\Application\Common\Controller\AppBaseController.class.php 第 124 行.
SQL: SHOW COLUMNS FROM `wx_admin` [ RunTime:0.0060s ]
NOTIC: [8] Undefined index: validate D:\phpStudy\WWW\weixin\ThinkPHP\Library\Think\Model.class.php 第 1185 行.
NOTIC: [8] Undefined index: data D:\phpStudy\WWW\weixin\Application\Common\Controller\AppBaseController.class.php 第 95 行.

[ 2016-03-23T04:03:15+08:00 ] ::1 /weixin/index.php/Admin/Login/login_post.html
INFO: [ app_begin ] --START--
INFO: Run Behavior\ReadHtmlCacheBehavior [ RunTime:0.001001s ]
INFO: [ app_begin ] --END-- [ RunTime:0.001001s ]
NOTIC: [2048] Declaration of Common\Controller\AppBaseController::ajaxReturn() should be compatible with Think\Controller::ajaxReturn($data, $type = '', $json_option = 0) D:\phpStudy\WWW\weixin\Application\Common\Controller\AppBaseController.class.php 第 124 行.
SQL: SHOW COLUMNS FROM `wx_admin` [ RunTime:0.0070s ]
NOTIC: [8] Undefined index: validate D:\phpStudy\WWW\weixin\ThinkPHP\Library\Think\Model.class.php 第 1185 行.
NOTIC: [8] Undefined index: auto D:\phpStudy\WWW\weixin\ThinkPHP\Library\Think\Model.class.php 第 1128 行.
INFO: [ app_end ] --START--
INFO: Run Behavior\ShowPageTraceBehavior [ RunTime:0.002000s ]
INFO: [ app_end ] --END-- [ RunTime:0.002000s ]

[ 2016-03-23T04:03:23+08:00 ] ::1 /weixin/index.php/Admin/Login/login_post.html
INFO: [ app_begin ] --START--
INFO: Run Behavior\ReadHtmlCacheBehavior [ RunTime:0.001000s ]
INFO: [ app_begin ] --END-- [ RunTime:0.001000s ]
NOTIC: [2048] Declaration of Common\Controller\AppBaseController::ajaxReturn() should be compatible with Think\Controller::ajaxReturn($data, $type = '', $json_option = 0) D:\phpStudy\WWW\weixin\Application\Common\Controller\AppBaseController.class.php 第 124 行.
SQL: SHOW COLUMNS FROM `wx_admin` [ RunTime:0.0050s ]
NOTIC: [8] Undefined index: validate D:\phpStudy\WWW\weixin\ThinkPHP\Library\Think\Model.class.php 第 1185 行.
NOTIC: [8] Undefined index: data D:\phpStudy\WWW\weixin\Application\Common\Controller\AppBaseController.class.php 第 95 行.

[ 2016-03-23T04:03:27+08:00 ] ::1 /weixin/index.php/Admin/Login/login_post.html
INFO: [ app_begin ] --START--
INFO: Run Behavior\ReadHtmlCacheBehavior [ RunTime:0.001000s ]
INFO: [ app_begin ] --END-- [ RunTime:0.001000s ]
NOTIC: [2048] Declaration of Common\Controller\AppBaseController::ajaxReturn() should be compatible with Think\Controller::ajaxReturn($data, $type = '', $json_option = 0) D:\phpStudy\WWW\weixin\Application\Common\Controller\AppBaseController.class.php 第 124 行.
SQL: SHOW COLUMNS FROM `wx_admin` [ RunTime:0.0070s ]
NOTIC: [8] Undefined index: validate D:\phpStudy\WWW\weixin\ThinkPHP\Library\Think\Model.class.php 第 1185 行.
NOTIC: [8] Undefined index: data D:\phpStudy\WWW\weixin\Application\Common\Controller\AppBaseController.class.php 第 95 行.

[ 2016-03-23T04:03:45+08:00 ] ::1 /weixin/index.php/Admin/Login/login_post.html
INFO: [ app_begin ] --START--
INFO: Run Behavior\ReadHtmlCacheBehavior [ RunTime:0.000000s ]
INFO: [ app_begin ] --END-- [ RunTime:0.000000s ]
NOTIC: [2048] Declaration of Common\Controller\AppBaseController::ajaxReturn() should be compatible with Think\Controller::ajaxReturn($data, $type = '', $json_option = 0) D:\phpStudy\WWW\weixin\Application\Common\Controller\AppBaseController.class.php 第 124 行.
SQL: SHOW COLUMNS FROM `wx_admin` [ RunTime:0.0040s ]
NOTIC: [8] Undefined index: validate D:\phpStudy\WWW\weixin\ThinkPHP\Library\Think\Model.class.php 第 1185 行.
NOTIC: [8] Undefined index: data D:\phpStudy\WWW\weixin\Application\Common\Controller\AppBaseController.class.php 第 95 行.

[ 2016-03-23T04:07:01+08:00 ] ::1 /weixin/index.php/Admin/Login/login_post.html
INFO: [ app_begin ] --START--
INFO: Run Behavior\ReadHtmlCacheBehavior [ RunTime:0.000000s ]
INFO: [ app_begin ] --END-- [ RunTime:0.001000s ]
NOTIC: [2048] Declaration of Common\Controller\AppBaseController::ajaxReturn() should be compatible with Think\Controller::ajaxReturn($data, $type = '', $json_option = 0) D:\phpStudy\WWW\weixin\Application\Common\Controller\AppBaseController.class.php 第 124 行.
SQL: SHOW COLUMNS FROM `wx_admin` [ RunTime:0.0050s ]
NOTIC: [8] Undefined index: validate D:\phpStudy\WWW\weixin\ThinkPHP\Library\Think\Model.class.php 第 1185 行.
NOTIC: [8] Undefined index: data D:\phpStudy\WWW\weixin\Application\Common\Controller\AppBaseController.class.php 第 95 行.

